<?xml version="1.0" encoding="UTF-8"?>
<testsuite xmlns:xsi="http://www.w3.org/2001/XMLSchema-instance" xsi:noNamespaceSchemaLocation="https://maven.apache.org/surefire/maven-surefire-plugin/xsd/surefire-test-report.xsd" name="runner.UITestRunner" time="33.102" tests="20" errors="0" skipped="0" failures="0">
  <properties>
    <property name="awt.toolkit" value="sun.lwawt.macosx.LWCToolkit"/>
    <property name="java.specification.version" value="12"/>
    <property name="sun.jnu.encoding" value="UTF-8"/>
    <property name="java.class.path" value="/Users/hakanberberoglu/Documents/Cybertek/IdeaProjects/CucumberFramework/target/test-classes:/Users/hakanberberoglu/Documents/Cybertek/IdeaProjects/CucumberFramework/target/classes:/Users/hakanberberoglu/.m2/repository/org/apache/poi/poi/3.17/poi-3.17.jar:/Users/hakanberberoglu/.m2/repository/commons-codec/commons-codec/1.10/commons-codec-1.10.jar:/Users/hakanberberoglu/.m2/repository/org/apache/commons/commons-collections4/4.1/commons-collections4-4.1.jar:/Users/hakanberberoglu/.m2/repository/org/seleniumhq/selenium/selenium-java/3.141.59/selenium-java-3.141.59.jar:/Users/hakanberberoglu/.m2/repository/org/seleniumhq/selenium/selenium-api/3.141.59/selenium-api-3.141.59.jar:/Users/hakanberberoglu/.m2/repository/org/seleniumhq/selenium/selenium-chrome-driver/3.141.59/selenium-chrome-driver-3.141.59.jar:/Users/hakanberberoglu/.m2/repository/org/seleniumhq/selenium/selenium-edge-driver/3.141.59/selenium-edge-driver-3.141.59.jar:/Users/hakanberberoglu/.m2/repository/org/seleniumhq/selenium/selenium-firefox-driver/3.141.59/selenium-firefox-driver-3.141.59.jar:/Users/hakanberberoglu/.m2/repository/org/seleniumhq/selenium/selenium-ie-driver/3.141.59/selenium-ie-driver-3.141.59.jar:/Users/hakanberberoglu/.m2/repository/org/seleniumhq/selenium/selenium-opera-driver/3.141.59/selenium-opera-driver-3.141.59.jar:/Users/hakanberberoglu/.m2/repository/org/seleniumhq/selenium/selenium-remote-driver/3.141.59/selenium-remote-driver-3.141.59.jar:/Users/hakanberberoglu/.m2/repository/org/seleniumhq/selenium/selenium-safari-driver/3.141.59/selenium-safari-driver-3.141.59.jar:/Users/hakanberberoglu/.m2/repository/org/seleniumhq/selenium/selenium-support/3.141.59/selenium-support-3.141.59.jar:/Users/hakanberberoglu/.m2/repository/net/bytebuddy/byte-buddy/1.8.15/byte-buddy-1.8.15.jar:/Users/hakanberberoglu/.m2/repository/org/apache/commons/commons-exec/1.3/commons-exec-1.3.jar:/Users/hakanberberoglu/.m2/repository/com/google/guava/guava/25.0-jre/guava-25.0-jre.jar:/Users/hakanberberoglu/.m2/repository/com/google/code/findbugs/jsr305/1.3.9/jsr305-1.3.9.jar:/Users/hakanberberoglu/.m2/repository/org/checkerframework/checker-compat-qual/2.0.0/checker-compat-qual-2.0.0.jar:/Users/hakanberberoglu/.m2/repository/com/google/errorprone/error_prone_annotations/2.1.3/error_prone_annotations-2.1.3.jar:/Users/hakanberberoglu/.m2/repository/com/google/j2objc/j2objc-annotations/1.1/j2objc-annotations-1.1.jar:/Users/hakanberberoglu/.m2/repository/org/codehaus/mojo/animal-sniffer-annotations/1.14/animal-sniffer-annotations-1.14.jar:/Users/hakanberberoglu/.m2/repository/com/squareup/okhttp3/okhttp/3.11.0/okhttp-3.11.0.jar:/Users/hakanberberoglu/.m2/repository/com/squareup/okio/okio/1.14.0/okio-1.14.0.jar:/Users/hakanberberoglu/.m2/repository/com/oracle/ojdbc6/11.2.0.3/ojdbc6-11.2.0.3.jar:/Users/hakanberberoglu/.m2/repository/io/github/bonigarcia/webdrivermanager/3.7.1/webdrivermanager-3.7.1.jar:/Users/hakanberberoglu/.m2/repository/org/slf4j/slf4j-api/1.7.25/slf4j-api-1.7.25.jar:/Users/hakanberberoglu/.m2/repository/commons-io/commons-io/2.6/commons-io-2.6.jar:/Users/hakanberberoglu/.m2/repository/com/google/code/gson/gson/2.8.5/gson-2.8.5.jar:/Users/hakanberberoglu/.m2/repository/org/apache/commons/commons-lang3/3.8.1/commons-lang3-3.8.1.jar:/Users/hakanberberoglu/.m2/repository/org/apache/httpcomponents/httpclient/4.5.6/httpclient-4.5.6.jar:/Users/hakanberberoglu/.m2/repository/org/apache/httpcomponents/httpcore/4.4.10/httpcore-4.4.10.jar:/Users/hakanberberoglu/.m2/repository/commons-logging/commons-logging/1.2/commons-logging-1.2.jar:/Users/hakanberberoglu/.m2/repository/org/rauschig/jarchivelib/1.0.0/jarchivelib-1.0.0.jar:/Users/hakanberberoglu/.m2/repository/org/apache/commons/commons-compress/1.18/commons-compress-1.18.jar:/Users/hakanberberoglu/.m2/repository/org/jsoup/jsoup/1.11.3/jsoup-1.11.3.jar:/Users/hakanberberoglu/.m2/repository/junit/junit/4.12/junit-4.12.jar:/Users/hakanberberoglu/.m2/repository/org/hamcrest/hamcrest-core/1.3/hamcrest-core-1.3.jar:/Users/hakanberberoglu/.m2/repository/info/cukes/cucumber-java/1.2.5/cucumber-java-1.2.5.jar:/Users/hakanberberoglu/.m2/repository/info/cukes/cucumber-core/1.2.5/cucumber-core-1.2.5.jar:/Users/hakanberberoglu/.m2/repository/info/cukes/cucumber-html/0.2.3/cucumber-html-0.2.3.jar:/Users/hakanberberoglu/.m2/repository/info/cukes/cucumber-jvm-deps/1.0.5/cucumber-jvm-deps-1.0.5.jar:/Users/hakanberberoglu/.m2/repository/info/cukes/gherkin/2.12.2/gherkin-2.12.2.jar:/Users/hakanberberoglu/.m2/repository/info/cukes/cucumber-junit/1.2.5/cucumber-junit-1.2.5.jar:"/>
    <property name="java.vm.vendor" value="Oracle Corporation"/>
    <property name="sun.arch.data.model" value="64"/>
    <property name="java.vendor.url" value="https://java.oracle.com/"/>
    <property name="os.name" value="Mac OS X"/>
    <property name="java.vm.specification.version" value="12"/>
    <property name="sun.java.launcher" value="SUN_STANDARD"/>
    <property name="user.country" value="US"/>
    <property name="sun.boot.library.path" value="/Library/Java/JavaVirtualMachines/jdk-12.0.1.jdk/Contents/Home/lib"/>
    <property name="sun.java.command" value="/Users/hakanberberoglu/Documents/Cybertek/IdeaProjects/CucumberFramework/target/surefire/surefirebooter2279755343495193779.jar /Users/hakanberberoglu/Documents/Cybertek/IdeaProjects/CucumberFramework/target/surefire 2019-12-10T18-54-59_091-jvmRun1 surefire13686318132738349860tmp surefire_017296615582192554979tmp"/>
    <property name="http.nonProxyHosts" value="local|*.local|169.254/16|*.169.254/16|127.0.0.1"/>
    <property name="jdk.debug" value="release"/>
    <property name="surefire.test.class.path" value="/Users/hakanberberoglu/Documents/Cybertek/IdeaProjects/CucumberFramework/target/test-classes:/Users/hakanberberoglu/Documents/Cybertek/IdeaProjects/CucumberFramework/target/classes:/Users/hakanberberoglu/.m2/repository/org/apache/poi/poi/3.17/poi-3.17.jar:/Users/hakanberberoglu/.m2/repository/commons-codec/commons-codec/1.10/commons-codec-1.10.jar:/Users/hakanberberoglu/.m2/repository/org/apache/commons/commons-collections4/4.1/commons-collections4-4.1.jar:/Users/hakanberberoglu/.m2/repository/org/seleniumhq/selenium/selenium-java/3.141.59/selenium-java-3.141.59.jar:/Users/hakanberberoglu/.m2/repository/org/seleniumhq/selenium/selenium-api/3.141.59/selenium-api-3.141.59.jar:/Users/hakanberberoglu/.m2/repository/org/seleniumhq/selenium/selenium-chrome-driver/3.141.59/selenium-chrome-driver-3.141.59.jar:/Users/hakanberberoglu/.m2/repository/org/seleniumhq/selenium/selenium-edge-driver/3.141.59/selenium-edge-driver-3.141.59.jar:/Users/hakanberberoglu/.m2/repository/org/seleniumhq/selenium/selenium-firefox-driver/3.141.59/selenium-firefox-driver-3.141.59.jar:/Users/hakanberberoglu/.m2/repository/org/seleniumhq/selenium/selenium-ie-driver/3.141.59/selenium-ie-driver-3.141.59.jar:/Users/hakanberberoglu/.m2/repository/org/seleniumhq/selenium/selenium-opera-driver/3.141.59/selenium-opera-driver-3.141.59.jar:/Users/hakanberberoglu/.m2/repository/org/seleniumhq/selenium/selenium-remote-driver/3.141.59/selenium-remote-driver-3.141.59.jar:/Users/hakanberberoglu/.m2/repository/org/seleniumhq/selenium/selenium-safari-driver/3.141.59/selenium-safari-driver-3.141.59.jar:/Users/hakanberberoglu/.m2/repository/org/seleniumhq/selenium/selenium-support/3.141.59/selenium-support-3.141.59.jar:/Users/hakanberberoglu/.m2/repository/net/bytebuddy/byte-buddy/1.8.15/byte-buddy-1.8.15.jar:/Users/hakanberberoglu/.m2/repository/org/apache/commons/commons-exec/1.3/commons-exec-1.3.jar:/Users/hakanberberoglu/.m2/repository/com/google/guava/guava/25.0-jre/guava-25.0-jre.jar:/Users/hakanberberoglu/.m2/repository/com/google/code/findbugs/jsr305/1.3.9/jsr305-1.3.9.jar:/Users/hakanberberoglu/.m2/repository/org/checkerframework/checker-compat-qual/2.0.0/checker-compat-qual-2.0.0.jar:/Users/hakanberberoglu/.m2/repository/com/google/errorprone/error_prone_annotations/2.1.3/error_prone_annotations-2.1.3.jar:/Users/hakanberberoglu/.m2/repository/com/google/j2objc/j2objc-annotations/1.1/j2objc-annotations-1.1.jar:/Users/hakanberberoglu/.m2/repository/org/codehaus/mojo/animal-sniffer-annotations/1.14/animal-sniffer-annotations-1.14.jar:/Users/hakanberberoglu/.m2/repository/com/squareup/okhttp3/okhttp/3.11.0/okhttp-3.11.0.jar:/Users/hakanberberoglu/.m2/repository/com/squareup/okio/okio/1.14.0/okio-1.14.0.jar:/Users/hakanberberoglu/.m2/repository/com/oracle/ojdbc6/11.2.0.3/ojdbc6-11.2.0.3.jar:/Users/hakanberberoglu/.m2/repository/io/github/bonigarcia/webdrivermanager/3.7.1/webdrivermanager-3.7.1.jar:/Users/hakanberberoglu/.m2/repository/org/slf4j/slf4j-api/1.7.25/slf4j-api-1.7.25.jar:/Users/hakanberberoglu/.m2/repository/commons-io/commons-io/2.6/commons-io-2.6.jar:/Users/hakanberberoglu/.m2/repository/com/google/code/gson/gson/2.8.5/gson-2.8.5.jar:/Users/hakanberberoglu/.m2/repository/org/apache/commons/commons-lang3/3.8.1/commons-lang3-3.8.1.jar:/Users/hakanberberoglu/.m2/repository/org/apache/httpcomponents/httpclient/4.5.6/httpclient-4.5.6.jar:/Users/hakanberberoglu/.m2/repository/org/apache/httpcomponents/httpcore/4.4.10/httpcore-4.4.10.jar:/Users/hakanberberoglu/.m2/repository/commons-logging/commons-logging/1.2/commons-logging-1.2.jar:/Users/hakanberberoglu/.m2/repository/org/rauschig/jarchivelib/1.0.0/jarchivelib-1.0.0.jar:/Users/hakanberberoglu/.m2/repository/org/apache/commons/commons-compress/1.18/commons-compress-1.18.jar:/Users/hakanberberoglu/.m2/repository/org/jsoup/jsoup/1.11.3/jsoup-1.11.3.jar:/Users/hakanberberoglu/.m2/repository/junit/junit/4.12/junit-4.12.jar:/Users/hakanberberoglu/.m2/repository/org/hamcrest/hamcrest-core/1.3/hamcrest-core-1.3.jar:/Users/hakanberberoglu/.m2/repository/info/cukes/cucumber-java/1.2.5/cucumber-java-1.2.5.jar:/Users/hakanberberoglu/.m2/repository/info/cukes/cucumber-core/1.2.5/cucumber-core-1.2.5.jar:/Users/hakanberberoglu/.m2/repository/info/cukes/cucumber-html/0.2.3/cucumber-html-0.2.3.jar:/Users/hakanberberoglu/.m2/repository/info/cukes/cucumber-jvm-deps/1.0.5/cucumber-jvm-deps-1.0.5.jar:/Users/hakanberberoglu/.m2/repository/info/cukes/gherkin/2.12.2/gherkin-2.12.2.jar:/Users/hakanberberoglu/.m2/repository/info/cukes/cucumber-junit/1.2.5/cucumber-junit-1.2.5.jar:"/>
    <property name="sun.cpu.endian" value="little"/>
    <property name="user.home" value="/Users/hakanberberoglu"/>
    <property name="user.language" value="en"/>
    <property name="java.specification.vendor" value="Oracle Corporation"/>
    <property name="java.version.date" value="2019-04-16"/>
    <property name="java.home" value="/Library/Java/JavaVirtualMachines/jdk-12.0.1.jdk/Contents/Home"/>
    <property name="file.separator" value="/"/>
    <property name="basedir" value="/Users/hakanberberoglu/Documents/Cybertek/IdeaProjects/CucumberFramework"/>
    <property name="java.vm.compressedOopsMode" value="Zero based"/>
    <property name="line.separator" value="&#10;"/>
    <property name="java.specification.name" value="Java Platform API Specification"/>
    <property name="java.vm.specification.vendor" value="Oracle Corporation"/>
    <property name="java.awt.graphicsenv" value="sun.awt.CGraphicsEnvironment"/>
    <property name="surefire.real.class.path" value="/Users/hakanberberoglu/Documents/Cybertek/IdeaProjects/CucumberFramework/target/surefire/surefirebooter2279755343495193779.jar"/>
    <property name="sun.management.compiler" value="HotSpot 64-Bit Tiered Compilers"/>
    <property name="ftp.nonProxyHosts" value="local|*.local|169.254/16|*.169.254/16|127.0.0.1"/>
    <property name="java.runtime.version" value="12.0.1+12"/>
    <property name="user.name" value="hakanberberoglu"/>
    <property name="path.separator" value=":"/>
    <property name="os.version" value="10.15.1"/>
    <property name="java.runtime.name" value="Java(TM) SE Runtime Environment"/>
    <property name="file.encoding" value="UTF-8"/>
    <property name="java.vm.name" value="Java HotSpot(TM) 64-Bit Server VM"/>
    <property name="localRepository" value="/Users/hakanberberoglu/.m2/repository"/>
    <property name="java.vendor.url.bug" value="https://bugreport.java.com/bugreport/"/>
    <property name="java.io.tmpdir" value="/var/folders/qg/_h0f16195rz4v6z_33fxyc6w0000gn/T/"/>
    <property name="java.version" value="12.0.1"/>
    <property name="user.dir" value="/Users/hakanberberoglu/Documents/Cybertek/IdeaProjects/CucumberFramework"/>
    <property name="os.arch" value="x86_64"/>
    <property name="java.vm.specification.name" value="Java Virtual Machine Specification"/>
    <property name="java.library.path" value="/Users/hakanberberoglu/Library/Java/Extensions:/Library/Java/Extensions:/Network/Library/Java/Extensions:/System/Library/Java/Extensions:/usr/lib/java:."/>
    <property name="java.vm.info" value="mixed mode, sharing"/>
    <property name="java.vendor" value="Oracle Corporation"/>
    <property name="java.vm.version" value="12.0.1+12"/>
    <property name="sun.io.unicode.encoding" value="UnicodeBig"/>
    <property name="socksNonProxyHosts" value="local|*.local|169.254/16|*.169.254/16|127.0.0.1"/>
    <property name="java.class.version" value="56.0"/>
  </properties>
  <testcase name="Given Navigate to MyApplication" classname="| 100 |" time="0.009"/>
  <testcase name="When User gets employee info for employee_id &quot;100&quot; from  UI" classname="| 100 |" time="0"/>
  <testcase name="And User gets data for employee_id &quot;100&quot; from database" classname="| 100 |" time="0"/>
  <testcase name="Then Validate data is matching" classname="| 100 |" time="0"/>
  <testcase name="| 100 |" classname="| 100 |" time="0.106"/>
  <testcase name="Given Navigate to MyApplication" classname="| 105 |" time="0"/>
  <testcase name="When User gets employee info for employee_id &quot;105&quot; from  UI" classname="| 105 |" time="0"/>
  <testcase name="And User gets data for employee_id &quot;105&quot; from database" classname="| 105 |" time="0.002"/>
  <testcase name="Then Validate data is matching" classname="| 105 |" time="0"/>
  <testcase name="| 105 |" classname="| 105 |" time="0.128"/>
  <testcase name="Given Navigate to MyApplication" classname="| 119 |" time="0"/>
  <testcase name="When User gets employee info for employee_id &quot;119&quot; from  UI" classname="| 119 |" time="0"/>
  <testcase name="And User gets data for employee_id &quot;119&quot; from database" classname="| 119 |" time="0"/>
  <testcase name="Then Validate data is matching" classname="| 119 |" time="0"/>
  <testcase name="| 119 |" classname="| 119 |" time="0.137"/>
  <testcase name="Given Navigate to MyApplication" classname="| 125 |" time="0"/>
  <testcase name="When User gets employee info for employee_id &quot;125&quot; from  UI" classname="| 125 |" time="0"/>
  <testcase name="And User gets data for employee_id &quot;125&quot; from database" classname="| 125 |" time="0"/>
  <testcase name="Then Validate data is matching" classname="| 125 |" time="0"/>
  <testcase name="| 125 |" classname="| 125 |" time="0.083"/>
</testsuite>